<?xml version="1.0" encoding="UTF-8"?>
<!-- Generated by org.testng.reporters.JUnitReportReporter -->
<testsuite hostname="LAPTOP-P7IQEAJU" failures="0" tests="4" name="Practice.Sample2" time="0.003" errors="0" timestamp="2025-02-10T16:07:58 IST" skipped="0">
  <testcase classname="Practice.Sample2" name="test3" time="0.001"/>
  <testcase classname="Practice.Sample2" name="test3" time="0.000"/>
  <testcase classname="Practice.Sample2" name="test4" time="0.001"/>
  <testcase classname="Practice.Sample2" name="test3" time="0.001"/>
</testsuite> <!-- Practice.Sample2 -->
