<?xml version="1.0" encoding="UTF-8"?>
<!-- Generated by org.testng.reporters.JUnitReportReporter -->
<testsuite hostname="LAPTOP-P7IQEAJU" failures="0" tests="11" name="Practice.Sample1" time="0.036" errors="0" timestamp="2025-02-10T16:07:58 IST" skipped="0">
  <testcase classname="Practice.Sample1" name="test1" time="0.002"/>
  <testcase classname="Practice.Sample1" name="test1" time="0.003"/>
  <testcase classname="Practice.Sample1" name="test1" time="0.004"/>
  <testcase classname="Practice.Sample1" name="test2" time="0.002"/>
  <testcase classname="Practice.Sample1" name="test1" time="0.009"/>
  <testcase classname="Practice.Sample1" name="test1" time="0.000"/>
  <testcase classname="Practice.Sample1" name="test1" time="0.002"/>
  <testcase classname="Practice.Sample1" name="test1" time="0.003"/>
  <testcase classname="Practice.Sample1" name="test1" time="0.005"/>
  <testcase classname="Practice.Sample1" name="test1" time="0.003"/>
  <testcase classname="Practice.Sample1" name="test1" time="0.003"/>
</testsuite> <!-- Practice.Sample1 -->
